<?xml version="1.0" encoding="UTF-8"?>
<testng-results ignored="0" total="1" passed="1" failed="0" skipped="0">
  <reporter-output>
  </reporter-output>
  <suite started-at="2024-09-07T18:26:10 IST" name="Default suite" finished-at="2024-09-07T18:26:21 IST" duration-ms="10474">
    <groups>
    </groups>
    <test started-at="2024-09-07T18:26:10 IST" name="Default test" finished-at="2024-09-07T18:26:21 IST" duration-ms="10474">
      <class name="com.commonsunfunction.browsernavigation.CommonFunction">
        <test-method is-config="true" signature="invokePropertyFile()[pri:0, instance:com.commonsunfunction.browsernavigation.CommonFunction@31190526]" started-at="2024-09-07T18:26:10 IST" name="invokePropertyFile" finished-at="2024-09-07T18:26:10 IST" duration-ms="14" status="PASS">
          <reporter-output>
          </reporter-output>
        </test-method> <!-- invokePropertyFile -->
        <test-method signature="launchBrowser()[pri:0, instance:com.commonsunfunction.browsernavigation.CommonFunction@31190526]" started-at="2024-09-07T18:26:10 IST" name="launchBrowser" finished-at="2024-09-07T18:26:21 IST" duration-ms="10418" status="PASS">
          <reporter-output>
          </reporter-output>
        </test-method> <!-- launchBrowser -->
      </class> <!-- com.commonsunfunction.browsernavigation.CommonFunction -->
    </test> <!-- Default test -->
  </suite> <!-- Default suite -->
</testng-results>
